# JRE version: Java(TM) SE Runtime Environment (8.0_172-b11) (build 1.8.0_172-b11)
# Java VM: Java HotSpot(TM) 64-Bit Server VM (25.172-b11 mixed mode windows-amd64 compressed oops)
Heap:
 PSYoungGen      total 256512K, used 5872K [0x000000076b200000, 0x000000077b480000, 0x00000007c0000000)
  eden space 248320K, 0% used [0x000000076b200000,0x000000076b200000,0x000000077a480000)
  from space 8192K, 71% used [0x000000077ac80000,0x000000077b23c378,0x000000077b480000)
  to   space 8192K, 0% used [0x000000077a480000,0x000000077a480000,0x000000077ac80000)
 ParOldGen       total 169984K, used 111932K [0x00000006c1600000, 0x00000006cbc00000, 0x000000076b200000)
  object space 169984K, 65% used [0x00000006c1600000,0x00000006c834f0b8,0x00000006cbc00000)
 Metaspace       used 54708K, capacity 60484K, committed 60928K, reserved 1101824K
  class space    used 7562K, capacity 8582K, committed 8704K, reserved 1048576K
GC Heap History (10 events):
Event: 3956.330 GC heap after
Heap after GC invocations=68 (full 30):
 PSYoungGen      total 257024K, used 5378K [0x000000076b200000, 0x000000077b580000, 0x00000007c0000000)
  eden space 248320K, 0% used [0x000000076b200000,0x000000076b200000,0x000000077a480000)
  from space 8704K, 61% used [0x000000077ad00000,0x000000077b240a50,0x000000077b580000)
  to   space 8704K, 0% used [0x000000077a480000,0x000000077a480000,0x000000077ad00000)
 ParOldGen       total 169984K, used 107106K [0x00000006c1600000, 0x00000006cbc00000, 0x000000076b200000)
  object space 169984K, 63% used [0x00000006c1600000,0x00000006c7e98a88,0x00000006cbc00000)
 Metaspace       used 54674K, capacity 60424K, committed 60544K, reserved 1101824K
  class space    used 7571K, capacity 8556K, committed 8576K, reserved 1048576K
}
Event: 3956.330 GC heap before
{Heap before GC invocations=69 (full 31):
 PSYoungGen      total 257024K, used 5378K [0x000000076b200000, 0x000000077b580000, 0x00000007c0000000)
  eden space 248320K, 0% used [0x000000076b200000,0x000000076b200000,0x000000077a480000)
  from space 8704K, 61% used [0x000000077ad00000,0x000000077b240a50,0x000000077b580000)
  to   space 8704K, 0% used [0x000000077a480000,0x000000077a480000,0x000000077ad00000)
 ParOldGen       total 169984K, used 107106K [0x00000006c1600000, 0x00000006cbc00000, 0x000000076b200000)
  object space 169984K, 63% used [0x00000006c1600000,0x00000006c7e98a88,0x00000006cbc00000)
 Metaspace       used 54674K, capacity 60424K, committed 60544K, reserved 1101824K
  class space    used 7571K, capacity 8556K, committed 8576K, reserved 1048576K
Event: 3956.739 GC heap after
Heap after GC invocations=69 (full 31):
 PSYoungGen      total 257024K, used 0K [0x000000076b200000, 0x000000077b580000, 0x00000007c0000000)
  eden space 248320K, 0% used [0x000000076b200000,0x000000076b200000,0x000000077a480000)
  from space 8704K, 0% used [0x000000077ad00000,0x000000077ad00000,0x000000077b580000)
  to   space 8704K, 0% used [0x000000077a480000,0x000000077a480000,0x000000077ad00000)
 ParOldGen       total 169984K, used 109715K [0x00000006c1600000, 0x00000006cbc00000, 0x000000076b200000)
  object space 169984K, 64% used [0x00000006c1600000,0x00000006c8124f78,0x00000006cbc00000)
 Metaspace       used 54671K, capacity 60418K, committed 60544K, reserved 1101824K
  class space    used 7570K, capacity 8555K, committed 8576K, reserved 1048576K
}
Event: 4047.406 GC heap before
{Heap before GC invocations=70 (full 31):
 PSYoungGen      total 257024K, used 188353K [0x000000076b200000, 0x000000077b580000, 0x00000007c0000000)
  eden space 248320K, 75% used [0x000000076b200000,0x00000007769f0638,0x000000077a480000)
  from space 8704K, 0% used [0x000000077ad00000,0x000000077ad00000,0x000000077b580000)
  to   space 8704K, 0% used [0x000000077a480000,0x000000077a480000,0x000000077ad00000)
 ParOldGen       total 169984K, used 109715K [0x00000006c1600000, 0x00000006cbc00000, 0x000000076b200000)
  object space 169984K, 64% used [0x00000006c1600000,0x00000006c8124f78,0x00000006cbc00000)
 Metaspace       used 54782K, capacity 60614K, committed 60928K, reserved 1101824K
  class space    used 7582K, capacity 8598K, committed 8704K, reserved 1048576K
Event: 4047.415 GC heap after
Heap after GC invocations=70 (full 31):
 PSYoungGen      total 254464K, used 5874K [0x000000076b200000, 0x000000077b480000, 0x00000007c0000000)
  eden space 248320K, 0% used [0x000000076b200000,0x000000076b200000,0x000000077a480000)
  from space 6144K, 95% used [0x000000077a480000,0x000000077aa3ca40,0x000000077aa80000)
  to   space 8192K, 0% used [0x000000077ac80000,0x000000077ac80000,0x000000077b480000)
 ParOldGen       total 169984K, used 109715K [0x00000006c1600000, 0x00000006cbc00000, 0x000000076b200000)
  object space 169984K, 64% used [0x00000006c1600000,0x00000006c8124f78,0x00000006cbc00000)
 Metaspace       used 54782K, capacity 60614K, committed 60928K, reserved 1101824K
  class space    used 7582K, capacity 8598K, committed 8704K, reserved 1048576K
}
Event: 4047.415 GC heap before
{Heap before GC invocations=71 (full 32):
 PSYoungGen      total 254464K, used 5874K [0x000000076b200000, 0x000000077b480000, 0x00000007c0000000)
  eden space 248320K, 0% used [0x000000076b200000,0x000000076b200000,0x000000077a480000)
  from space 6144K, 95% used [0x000000077a480000,0x000000077aa3ca40,0x000000077aa80000)
  to   space 8192K, 0% used [0x000000077ac80000,0x000000077ac80000,0x000000077b480000)
 ParOldGen       total 169984K, used 109715K [0x00000006c1600000, 0x00000006cbc00000, 0x000000076b200000)
  object space 169984K, 64% used [0x00000006c1600000,0x00000006c8124f78,0x00000006cbc00000)
 Metaspace       used 54782K, capacity 60614K, committed 60928K, reserved 1101824K
  class space    used 7582K, capacity 8598K, committed 8704K, reserved 1048576K
Event: 4047.923 GC heap after
Heap after GC invocations=71 (full 32):
 PSYoungGen      total 254464K, used 0K [0x000000076b200000, 0x000000077b480000, 0x00000007c0000000)
  eden space 248320K, 0% used [0x000000076b200000,0x000000076b200000,0x000000077a480000)
  from space 6144K, 0% used [0x000000077a480000,0x000000077a480000,0x000000077aa80000)
  to   space 8192K, 0% used [0x000000077ac80000,0x000000077ac80000,0x000000077b480000)
 ParOldGen       total 169984K, used 111924K [0x00000006c1600000, 0x00000006cbc00000, 0x000000076b200000)
  object space 169984K, 65% used [0x00000006c1600000,0x00000006c834d0b8,0x00000006cbc00000)
 Metaspace       used 54578K, capacity 60288K, committed 60928K, reserved 1101824K
  class space    used 7550K, capacity 8539K, committed 8704K, reserved 1048576K
}
Event: 4099.818 GC heap before
{Heap before GC invocations=72 (full 32):
 PSYoungGen      total 254464K, used 189338K [0x000000076b200000, 0x000000077b480000, 0x00000007c0000000)
  eden space 248320K, 76% used [0x000000076b200000,0x0000000776ae68a8,0x000000077a480000)
  from space 6144K, 0% used [0x000000077a480000,0x000000077a480000,0x000000077aa80000)
  to   space 8192K, 0% used [0x000000077ac80000,0x000000077ac80000,0x000000077b480000)
 ParOldGen       total 169984K, used 111924K [0x00000006c1600000, 0x00000006cbc00000, 0x000000076b200000)
  object space 169984K, 65% used [0x00000006c1600000,0x00000006c834d0b8,0x00000006cbc00000)
 Metaspace       used 54708K, capacity 60484K, committed 60928K, reserved 1101824K
  class space    used 7562K, capacity 8582K, committed 8704K, reserved 1048576K
Event: 4099.830 GC heap after
Heap after GC invocations=72 (full 32):
 PSYoungGen      total 256512K, used 5872K [0x000000076b200000, 0x000000077b480000, 0x00000007c0000000)
  eden space 248320K, 0% used [0x000000076b200000,0x000000076b200000,0x000000077a480000)
  from space 8192K, 71% used [0x000000077ac80000,0x000000077b23c378,0x000000077b480000)
  to   space 8192K, 0% used [0x000000077a480000,0x000000077a480000,0x000000077ac80000)
 ParOldGen       total 169984K, used 111932K [0x00000006c1600000, 0x00000006cbc00000, 0x000000076b200000)
  object space 169984K, 65% used [0x00000006c1600000,0x00000006c834f0b8,0x00000006cbc00000)
 Metaspace       used 54708K, capacity 60484K, committed 60928K, reserved 1101824K
  class space    used 7562K, capacity 8582K, committed 8704K, reserved 1048576K
}
Event: 4099.830 GC heap before
{Heap before GC invocations=73 (full 33):
 PSYoungGen      total 256512K, used 5872K [0x000000076b200000, 0x000000077b480000, 0x00000007c0000000)
  eden space 248320K, 0% used [0x000000076b200000,0x000000076b200000,0x000000077a480000)
  from space 8192K, 71% used [0x000000077ac80000,0x000000077b23c378,0x000000077b480000)
  to   space 8192K, 0% used [0x000000077a480000,0x000000077a480000,0x000000077ac80000)
 ParOldGen       total 169984K, used 111932K [0x00000006c1600000, 0x00000006cbc00000, 0x000000076b200000)
  object space 169984K, 65% used [0x00000006c1600000,0x00000006c834f0b8,0x00000006cbc00000)
 Metaspace       used 54708K, capacity 60484K, committed 60928K, reserved 1101824K
  class space    used 7562K, capacity 8582K, committed 8704K, reserved 1048576K

